{
  "stats": {
    "suites": 1,
    "tests": 3,
    "passes": 3,
    "pending": 0,
    "failures": 0,
    "start": "2020-12-22T15:31:35.356Z",
    "end": "2020-12-22T15:31:40.747Z",
    "duration": 5391,
    "testsRegistered": 3,
    "passPercent": 100,
    "pendingPercent": 0,
    "other": 0,
    "hasOther": false,
    "skipped": 0,
    "hasSkipped": false
  },
  "results": [
    {
      "uuid": "57c5ddb4-d5c1-40e7-acd4-c4c32d5e67e2",
      "title": "",
      "fullFile": "cypress/integration/level1.spec.js",
      "file": "cypress/integration/level1.spec.js",
      "beforeHooks": [],
      "afterHooks": [],
      "tests": [],
      "suites": [
        {
          "uuid": "acb846a7-5ca3-493e-a6dd-5794047a5b30",
          "title": "Level-1 challenge",
          "fullFile": "",
          "file": "",
          "beforeHooks": [],
          "afterHooks": [],
          "tests": [
            {
              "title": "Shows DHIS2 login",
              "fullTitle": "Level-1 challenge Shows DHIS2 login",
              "timedOut": null,
              "duration": 834,
              "state": "passed",
              "speed": "slow",
              "pass": true,
              "fail": false,
              "pending": false,
              "context": null,
              "code": "console.log('login screen');\ncy.get(\"[data-test='dhis2-uicore-card']\").should('be.visible');",
              "err": {},
              "uuid": "6cd44f6c-7020-447d-abad-a64547bd5b34",
              "parentUUID": "acb846a7-5ca3-493e-a6dd-5794047a5b30",
              "isHook": false,
              "skipped": false
            },
            {
              "title": "Shows  DHIS2 header bar",
              "fullTitle": "Level-1 challenge Shows  DHIS2 header bar",
              "timedOut": null,
              "duration": 4352,
              "state": "passed",
              "speed": "slow",
              "pass": true,
              "fail": false,
              "pending": false,
              "context": null,
              "code": "var dhis_Instance = 'http://localhost:9999';\nvar username = 'admin';\nvar password = 'district';\ncy.get('input[name=\"server\"').type(dhis_Instance);\ncy.get('input[name=\"j_username\"]').type(username);\ncy.get('input[name=\"j_password\"]').type(password);\ncy.get(\"[data-test='dhis2-adapter-loginsubmit']\").click();\ncy.wait(3000);\ncy.get('div[id=\"root\"]').should('contain', 'Hello World!');",
              "err": {},
              "uuid": "2c6284fd-1008-4d26-b4f4-5e472c0d4baf",
              "parentUUID": "acb846a7-5ca3-493e-a6dd-5794047a5b30",
              "isHook": false,
              "skipped": false
            },
            {
              "title": "Shows Hello World",
              "fullTitle": "Level-1 challenge Shows Hello World",
              "timedOut": null,
              "duration": 175,
              "state": "passed",
              "speed": "slow",
              "pass": true,
              "fail": false,
              "pending": false,
              "context": null,
              "code": "console.log('hello world');",
              "err": {},
              "uuid": "a340257e-ac41-40b2-bc22-0579e93d9570",
              "parentUUID": "acb846a7-5ca3-493e-a6dd-5794047a5b30",
              "isHook": false,
              "skipped": false
            }
          ],
          "suites": [],
          "passes": [
            "6cd44f6c-7020-447d-abad-a64547bd5b34",
            "2c6284fd-1008-4d26-b4f4-5e472c0d4baf",
            "a340257e-ac41-40b2-bc22-0579e93d9570"
          ],
          "failures": [],
          "pending": [],
          "skipped": [],
          "duration": 5361,
          "root": false,
          "rootEmpty": false,
          "_timeout": 2000
        }
      ],
      "passes": [],
      "failures": [],
      "pending": [],
      "skipped": [],
      "duration": 0,
      "root": true,
      "rootEmpty": true,
      "_timeout": 2000
    }
  ],
  "meta": {
    "mocha": {
      "version": "7.0.1"
    },
    "mochawesome": {
      "options": {
        "quiet": false,
        "reportFilename": "mochawesome",
        "saveHtml": false,
        "saveJson": true,
        "consoleReporter": "spec",
        "useInlineDiffs": false,
        "code": true
      },
      "version": "6.2.1"
    },
    "marge": {
      "options": {
        "id": "default",
        "reportDir": "cypress/reports/mocha",
        "quite": true,
        "overwrite": false,
        "html": false,
        "json": true
      },
      "version": "5.1.0"
    }
  }
}