{
  "stats": {
    "suites": 1,
    "tests": 3,
    "passes": 3,
    "pending": 0,
    "failures": 0,
    "start": "2020-12-22T15:35:57.107Z",
    "end": "2020-12-22T15:36:07.381Z",
    "duration": 10274,
    "testsRegistered": 3,
    "passPercent": 100,
    "pendingPercent": 0,
    "other": 0,
    "hasOther": false,
    "skipped": 0,
    "hasSkipped": false
  },
  "results": [
    {
      "uuid": "6cab982e-124e-4ea7-9e94-7fc5734f3bce",
      "title": "",
      "fullFile": "cypress/integration/level2.spec.js",
      "file": "cypress/integration/level2.spec.js",
      "beforeHooks": [],
      "afterHooks": [],
      "tests": [],
      "suites": [
        {
          "uuid": "12853bdc-75cb-4da0-af78-5d10e4e081c5",
          "title": "DHIS2 Level-2 challenge",
          "fullFile": "",
          "file": "",
          "beforeHooks": [],
          "afterHooks": [],
          "tests": [
            {
              "title": "Shows DHIS2 login",
              "fullTitle": "DHIS2 Level-2 challenge Shows DHIS2 login",
              "timedOut": null,
              "duration": 765,
              "state": "passed",
              "speed": "slow",
              "pass": true,
              "fail": false,
              "pending": false,
              "context": null,
              "code": "console.log('login screen');\ncy.get(\"[data-test='dhis2-uicore-card']\").should('be.visible');",
              "err": {},
              "uuid": "a67bb4af-b914-492f-bc44-21d7d1c5230f",
              "parentUUID": "12853bdc-75cb-4da0-af78-5d10e4e081c5",
              "isHook": false,
              "skipped": false
            },
            {
              "title": "Shows Application Menus",
              "fullTitle": "DHIS2 Level-2 challenge Shows Application Menus",
              "timedOut": null,
              "duration": 4409,
              "state": "passed",
              "speed": "slow",
              "pass": true,
              "fail": false,
              "pending": false,
              "context": null,
              "code": "cy.get('input[name=\"server\"').type(dhis_Instance);\ncy.get('input[name=\"j_username\"]').type(username);\ncy.get('input[name=\"j_password\"]').type(password);\ncy.get(\"[data-test='dhis2-adapter-loginsubmit']\").click();\ncy.wait(3000);\ncy.get('div[id=\"root\"]').should('contain', 'Menu');\ncy.get('div[id=\"root\"]').should('contain', 'Programs');\ncy.get('div[id=\"root\"]').should('contain', 'Data sets');",
              "err": {},
              "uuid": "8831c015-2647-46b7-845a-0def4aee687d",
              "parentUUID": "12853bdc-75cb-4da0-af78-5d10e4e081c5",
              "isHook": false,
              "skipped": false
            },
            {
              "title": "Shows Application Menus",
              "fullTitle": "DHIS2 Level-2 challenge Shows Application Menus",
              "timedOut": null,
              "duration": 5049,
              "state": "passed",
              "speed": "slow",
              "pass": true,
              "fail": false,
              "pending": false,
              "context": null,
              "code": "cy.get('input[name=\"server\"').type(dhis_Instance);\ncy.get('input[name=\"j_username\"]').type(username);\ncy.get('input[name=\"j_password\"]').type(password);\ncy.get(\"[data-test='dhis2-adapter-loginsubmit']\").click();\ncy.wait(3000);\ncy.get('div[id=\"root\"]').should('contain', 'Menu');\ncy.get('div[id=\"root\"]').should('contain', 'Programs');\ncy.get('div[id=\"root\"]').should('contain', 'Data sets');\ncy.get('div[id=\"root\"]').should('contain', 'Programs');\ncy.get(\"li[data-test='menu-list']\").should('be.visible');\ncy.get(\"li[data-test='menu-list']\").click();\ncy.get(\"li[data-test='menu-programs']\").should('be.visible');\ncy.get(\"li[data-test='program-list']\").should('not.exist');\ncy.get(\"thead[data-test='dhis2-uicore-tablehead']\").should('not.be.visible');\ncy.get(\"td[data-test='dhis2-uicore-tablecell']\").should('not.be.visible');\ncy.get(\"li[data-test='menu-programs']\").first().click();\ncy.get(\"thead[data-test='dhis2-uicore-tablehead']\").should('be.visible');\ncy.get(\"td[data-test='dhis2-uicore-tablecell']\").should('be.visible');",
              "err": {},
              "uuid": "53b2b271-4e85-45fb-aa07-de3d07d81cce",
              "parentUUID": "12853bdc-75cb-4da0-af78-5d10e4e081c5",
              "isHook": false,
              "skipped": false
            }
          ],
          "suites": [],
          "passes": [
            "a67bb4af-b914-492f-bc44-21d7d1c5230f",
            "8831c015-2647-46b7-845a-0def4aee687d",
            "53b2b271-4e85-45fb-aa07-de3d07d81cce"
          ],
          "failures": [],
          "pending": [],
          "skipped": [],
          "duration": 10223,
          "root": false,
          "rootEmpty": false,
          "_timeout": 2000
        }
      ],
      "passes": [],
      "failures": [],
      "pending": [],
      "skipped": [],
      "duration": 0,
      "root": true,
      "rootEmpty": true,
      "_timeout": 2000
    }
  ],
  "meta": {
    "mocha": {
      "version": "7.0.1"
    },
    "mochawesome": {
      "options": {
        "quiet": false,
        "reportFilename": "mochawesome",
        "saveHtml": false,
        "saveJson": true,
        "consoleReporter": "spec",
        "useInlineDiffs": false,
        "code": true
      },
      "version": "6.2.1"
    },
    "marge": {
      "options": {
        "id": "default",
        "reportDir": "cypress/reports/mocha",
        "quite": true,
        "overwrite": false,
        "html": false,
        "json": true
      },
      "version": "5.1.0"
    }
  }
}